            --------------------------------------------------------
                             AMBER SQM VERSION 19
 
                                     By
              Ross C. Walker, Michael F. Crowley, Scott Brozell,
                         Tim Giese, Andreas W. Goetz,
                        Tai-Sung Lee and David A. Case
 
            --------------------------------------------------------
 

--------------------------------------------------------------------------------
  QM CALCULATION INFO
--------------------------------------------------------------------------------

| QMMM: Citation for AMBER QMMM Run:
| QMMM: R.C. Walker, M.F. Crowley and D.A. Case, J. COMP. CHEM. 29:1019, 2008

QMMM: SINGLET STATE CALCULATION
QMMM: RHF CALCULATION, NO. OF DOUBLY OCCUPIED LEVELS = 46

| QMMM: *** Selected Hamiltonian *** 
| QMMM: AM1         

| QMMM: *** Parameter sets in use ***
| QMMM: C : M.J.S.DEWAR et al. JACS, 107, 3902, (1985)
| QMMM: F : M.J.S.DEWAR et al. THEOCHEM, 180, 1, (1988)
| QMMM: O : M.J.S.DEWAR et al. JACS, 107, 3902, (1985)
| QMMM: H : M.J.S.DEWAR et al. JACS, 107, 3902, (1985)

| QMMM: *** SCF convergence criteria ***
| QMMM: Energy change                :  0.1D-09 kcal/mol
| QMMM: Error matrix |FP-PF|         :  0.1D+00 au
| QMMM: Density matrix change        :  0.5D-06
| QMMM: Maximum number of SCF cycles :     1000

| QMMM: *** Diagonalization Routine Information ***
| QMMM: Pseudo diagonalizations are allowed.
| QMMM: Auto diagonalization routine selection is in use.
| QMMM:
| QMMM: Timing diagonalization routines:
| QMMM:                              norbs =       83
| QMMM:    diag iterations used for timing =       15
| QMMM:
| QMMM:              Internal diag routine = 0.017894 seconds
| QMMM:                 Dspev diag routine = 0.025308 seconds
| QMMM:                Dspevd diag routine = 0.011429 seconds
| QMMM:                Dspevx diag routine = 0.055466 seconds
| QMMM:                 Dsyev diag routine = 0.012226 seconds
| QMMM:                Dsyevd diag routine = 0.009713 seconds
| QMMM:                Dsyevr diag routine = 0.013036 seconds
| QMMM:
| QMMM:                Pseudo diag routine = 0.007498 seconds
| QMMM:
| QMMM: Using dsyevd routine (diag_routine=6).

  QMMM: QM Region Cartesian Coordinates (*=link atom) 
  QMMM: QM_NO.   MM_NO.  ATOM         X         Y         Z
  QMMM:     1        1      C        7.3260   -0.9890  -19.1220
  QMMM:     2        2      C        6.4940   -4.3390  -12.7230
  QMMM:     3        3      C        7.0890   -0.9630  -17.7590
  QMMM:     4        4      C        6.9630   -2.6210  -22.1160
  QMMM:     5        5      C        8.1950   -2.2200  -21.2530
  QMMM:     6        6      C        7.8920   -2.1620  -19.7320
  QMMM:     7        7      C        8.2020   -3.2650  -18.9310
  QMMM:     8        8      C        7.9610   -3.2370  -17.5520
  QMMM:     9        9      C        7.3940   -2.1010  -16.9550
  QMMM:    10       10      C        7.1630   -3.2720  -14.8970
  QMMM:    11       11      C        6.3330   -3.1030  -13.5770
  QMMM:    12       12      C        6.8790    0.3400  -19.5990
  QMMM:    13       13      C        6.4180    1.0510  -18.4820
  QMMM:    14       14      F        5.0110   -2.9770  -13.8780
  QMMM:    15       15      O        7.1370   -2.0410  -15.5730
  QMMM:    16       16      O        6.8250   -3.9010  -11.4310
  QMMM:    17       17      O        6.5570    0.2590  -17.3990
  QMMM:    18       18      H        7.2900   -4.9680  -13.1210
  QMMM:    19       19      H        5.5580   -4.8970  -12.6970
  QMMM:    20       20      H        8.5360   -1.2360  -21.5750
  QMMM:    21       21      H        8.9940   -2.9420  -21.4250
  QMMM:    22       22      H        8.6320   -4.1480  -19.3810
  QMMM:    23       23      H        8.2130   -4.0940  -16.9450
  QMMM:    24       24      H        6.7180   -4.0480  -15.5200
  QMMM:    25       25      H        8.1920   -3.5380  -14.6550
  QMMM:    26       26      H        6.6760   -2.2250  -13.0300
  QMMM:    27       27      H        6.9040    0.6960  -20.6180
  QMMM:    28       28      H        6.0220    2.0560  -18.4880
  QMMM:    29       29      H        7.2470   -2.6420  -23.1680
  QMMM:    30       30      H        6.6150   -3.6090  -21.8150
  QMMM:    31       31      H        6.1640   -1.8940  -21.9690
  QMMM:    32       32      H        6.9370   -4.6600  -10.8540

--------------------------------------------------------------------------------
  RESULTS
--------------------------------------------------------------------------------

      iter         sqm energy              rms gradient
      ----    -------------------    -----------------------
xmin    10     -127.0455 kcal/mol        0.6578 kcal/(mol*A)
xmin    20     -127.1532 kcal/mol        0.2136 kcal/(mol*A)
xmin    30     -127.2055 kcal/mol        0.0997 kcal/(mol*A)
xmin    40     -127.2463 kcal/mol        0.0552 kcal/(mol*A)
xmin    50     -127.3900 kcal/mol        0.4759 kcal/(mol*A)
xmin    60     -127.6776 kcal/mol        0.5372 kcal/(mol*A)
xmin    70     -127.9606 kcal/mol        0.4977 kcal/(mol*A)
xmin    80     -128.1696 kcal/mol        0.2487 kcal/(mol*A)
xmin    90     -128.2052 kcal/mol        0.0824 kcal/(mol*A)
xmin   100     -128.2162 kcal/mol        0.0584 kcal/(mol*A)
xmin   110     -128.2185 kcal/mol        0.0225 kcal/(mol*A)
xmin   120     -128.2195 kcal/mol        0.0386 kcal/(mol*A)
xmin   130     -128.2199 kcal/mol        0.0223 kcal/(mol*A)
xmin   140     -128.2202 kcal/mol        0.0165 kcal/(mol*A)
xmin   150     -128.2204 kcal/mol        0.0105 kcal/(mol*A)
xmin   160     -128.2207 kcal/mol        0.0096 kcal/(mol*A)
xmin   170     -128.2209 kcal/mol        0.0084 kcal/(mol*A)
xmin   180     -128.2210 kcal/mol        0.0044 kcal/(mol*A)
xmin   190     -128.2210 kcal/mol        0.0013 kcal/(mol*A)
xmin   200     -128.2200 kcal/mol        0.1065 kcal/(mol*A)
xmin   210     -128.2209 kcal/mol        0.0070 kcal/(mol*A)
xmin   220     -128.2210 kcal/mol        0.0065 kcal/(mol*A)
xmin   230     -128.2211 kcal/mol        0.0036 kcal/(mol*A)
xmin   240     -128.2211 kcal/mol        0.0038 kcal/(mol*A)
xmin   250     -128.2211 kcal/mol        0.0036 kcal/(mol*A)
xmin   260     -128.2211 kcal/mol        0.0014 kcal/(mol*A)
xmin   270     -128.2211 kcal/mol        0.0022 kcal/(mol*A)
xmin   280     -128.2212 kcal/mol        0.0021 kcal/(mol*A)
xmin   290     -128.2212 kcal/mol        0.0010 kcal/(mol*A)
  ... geometry converged !
 
 Final MO eigenvalues (eV):
 -48.8748  -41.9468  -39.7303  -38.5822  -37.9986  -34.3021  -32.9065  -32.2065
 -29.8398  -29.0598  -26.9178  -24.5304  -23.4008  -22.8743  -22.2122  -21.0655
 -19.1186  -18.8768  -18.0988  -17.4203  -17.1912  -16.6878  -16.5680  -16.1860
 -15.6511  -15.5965  -15.2216  -15.1539  -14.7541  -14.2369  -14.1960  -14.1000
 -13.7361  -13.5203  -13.1632  -12.7104  -12.6191  -12.1122  -12.0120  -11.8244
 -11.7968  -11.5662  -11.3478  -10.6080   -9.1978   -8.5397   -0.0134    0.4881
   1.4496    2.0891    2.3809    2.7719    2.8846    3.2113    3.5162    3.5294
   3.5543    3.6554    3.7178    3.7770    3.8298    3.9188    4.0359    4.0858
   4.1838    4.3093    4.3828    4.4477    4.5216    4.5959    4.7259    4.8448
   4.8649    4.8759    5.1123    5.1933    5.2418    5.4463    5.6376    5.7389
   5.7618    5.8563    6.4225

 Heat of formation   =       -128.22116741 kcal/mol  (       -5.56008705 eV)

 Total SCF energy    =     -76481.62877048 kcal/mol  (    -3316.49229307 eV)
 Electronic energy   =    -432510.42125985 kcal/mol  (   -18755.05924547 eV)
 Core-core repulsion =     356028.79248937 kcal/mol  (    15438.56695240 eV)
 
    Atomic Charges for Step       1 :
  Atom    Element       Mulliken Charge
     1      C                 -0.060
     2      C                 -0.052
     3      C                 -0.011
     4      C                 -0.208
     5      C                 -0.117
     6      C                 -0.057
     7      C                 -0.113
     8      C                 -0.190
     9      C                  0.095
    10      C                 -0.052
    11      C                  0.057
    12      C                 -0.197
    13      C                 -0.055
    14      F                 -0.161
    15      O                 -0.192
    16      O                 -0.326
    17      O                 -0.091
    18      H                  0.076
    19      H                  0.083
    20      H                  0.087
    21      H                  0.087
    22      H                  0.134
    23      H                  0.139
    24      H                  0.093
    25      H                  0.110
    26      H                  0.130
    27      H                  0.165
    28      H                  0.190
    29      H                  0.073
    30      H                  0.074
    31      H                  0.080
    32      H                  0.209
 Total Mulliken Charge =       0.000
 
                  X        Y        Z     TOTAL  
  QM DIPOLE     1.241   -1.967    0.235    2.337
 
 Final Structure

  QMMM: QM Region Cartesian Coordinates (*=link atom) 
  QMMM: QM_NO.   MM_NO.  ATOM         X         Y         Z
  QMMM:     1        1      C        7.2930   -0.9413  -19.1027
  QMMM:     2        2      C        6.6076   -4.1825  -12.5863
  QMMM:     3        3      C        6.8654   -1.0333  -17.7444
  QMMM:     4        4      C        7.4580   -2.8284  -22.0584
  QMMM:     5        5      C        8.3281   -2.0066  -21.1374
  QMMM:     6        6      C        7.8593   -2.0579  -19.7272
  QMMM:     7        7      C        7.9818   -3.2268  -18.9743
  QMMM:     8        8      C        7.5606   -3.3137  -17.6406
  QMMM:     9        9      C        6.9904   -2.2114  -16.9970
  QMMM:    10       10      C        6.6560   -3.4051  -14.9717
  QMMM:    11       11      C        6.0926   -3.1104  -13.5698
  QMMM:    12       12      C        6.9960    0.4229  -19.5076
  QMMM:    13       13      C        6.4326    1.0454  -18.4205
  QMMM:    14       14      F        4.7082   -3.1093  -13.5700
  QMMM:    15       15      O        6.5436   -2.1739  -15.6936
  QMMM:    16       16      O        8.0056   -3.9918  -12.4693
  QMMM:    17       17      O        6.3345    0.1849  -17.3162
  QMMM:    18       18      H        6.3902   -5.2099  -12.9810
  QMMM:    19       19      H        6.0998   -4.0502  -11.5950
  QMMM:    20       20      H        8.3438   -0.9410  -21.4923
  QMMM:    21       21      H        9.3847   -2.3875  -21.1853
  QMMM:    22       22      H        8.4263   -4.1188  -19.4432
  QMMM:    23       23      H        7.6870   -4.2643  -17.1038
  QMMM:    24       24      H        6.0607   -4.2040  -15.4832
  QMMM:    25       25      H        7.7345   -3.7002  -14.8857
  QMMM:    26       26      H        6.4537   -2.0935  -13.2389
  QMMM:    27       27      H        7.1917    0.8446  -20.4894
  QMMM:    28       28      H        6.0489    2.0437  -18.2248
  QMMM:    29       29      H        7.8566   -2.7853  -23.1006
  QMMM:    30       30      H        7.4358   -3.8955  -21.7294
  QMMM:    31       31      H        6.4108   -2.4411  -22.0626
  QMMM:    32       32      H        8.2991   -4.5479  -11.7379

           --------- Calculation Completed ----------

