============================================================================
| ACPYPE: AnteChamber PYthon Parser interfacE v. 2023.10.27 (c) 2025 AWSdS |
============================================================================
DEBUG: CLI: -p outputs/20250212193420_output.prmtop -x outputs/20250212193420_output.inpcrd -b 20250212193420_output
DEBUG: Python Version 3.8.20 (default, Oct 3 2024, 15:24:27) 
[GCC 11.2.0]
Converting Amber input files to Gromacs ...
DEBUG: prmtop and inpcrd files loaded
DEBUG: basename defined = '20250212193420_output'
DEBUG: getCoords done
DEBUG: getABCOEFs done
DEBUG: charge to be balanced: total 0.0000010022
DEBUG: balanceCharges done
DEBUG: Balanced TotalCharge -0.0000000000
DEBUG: PBC = None
DEBUG: getAtoms done
DEBUG: getBonds done
DEBUG: getAngles done
DEBUG: getDihedrals done
==> Writing GROMACS files

==> Disambiguating lower and uppercase atomtypes in GMX top file, even if identical.

DEBUG: writing GRO file
DEBUG: Box size estimated
DEBUG: writing POSRE file
DEBUG: atomTypes 12
DEBUG: GMX atomtypes done
DEBUG: atoms 32
DEBUG: GMX atoms done
DEBUG: bonds 33
DEBUG: GMX bonds done
DEBUG: atomPairs 69
DEBUG: GMX pairs done
DEBUG: angles 57
DEBUG: GMX angles done
DEBUG: setProperDihedralsCoef done
DEBUG: properDihedralsCoefRB 77
DEBUG: properDihedralsAlphaGamma 0
DEBUG: properDihedralsGmx45 83
==> Writing GMX dihedrals for GMX 4.5 and higher.

DEBUG: GMX special proper dihedrals done
DEBUG: improperDihedrals 8
DEBUG: GMX improper dihedrals done
DEBUG: prmtop and inpcrd files parsed
Total time of execution: less than a second
DEBUG: No tmp folder left to be removed
